USER       PID %CPU %MEM    VSZ   RSS TTY      STAT START   TIME COMMAND
root         2  0.0  0.0      0     0 ?        S    13:05   0:00 [kthreadd]
root         3  0.0  0.0      0     0 ?        S    13:05   0:00 [ksoftirqd/0]
root         5  0.0  0.0      0     0 ?        S<   13:05   0:00 [kworker/0:0H]
root         6  0.0  0.0      0     0 ?        S    13:05   0:00 [kworker/u2:0]
root         7  0.0  0.0      0     0 ?        S    13:05   0:00 [migration/0]
root         8  0.0  0.0      0     0 ?        S    13:05   0:00 [rcu_bh]
root         9  0.0  0.0      0     0 ?        R    13:05   0:00 [rcu_sched]
root        10  0.0  0.0      0     0 ?        S    13:05   0:00 [watchdog/0]
root        12  0.0  0.0      0     0 ?        S    13:05   0:00 [kdevtmpfs]
root        13  0.0  0.0      0     0 ?        S<   13:05   0:00 [netns]
root        14  0.0  0.0      0     0 ?        S    13:05   0:00 [khungtaskd]
root        15  0.0  0.0      0     0 ?        S<   13:05   0:00 [writeback]
root        16  0.0  0.0      0     0 ?        S<   13:05   0:00 [kintegrityd]
root        17  0.0  0.0      0     0 ?        S<   13:05   0:00 [bioset]
root        18  0.0  0.0      0     0 ?        S<   13:05   0:00 [kblockd]
root        19  0.0  0.0      0     0 ?        S<   13:05   0:00 [md]
root        20  0.0  0.0      0     0 ?        S    13:05   0:00 [kworker/0:1]
root        25  0.0  0.0      0     0 ?        S    13:05   0:00 [kswapd0]
root        26  0.0  0.0      0     0 ?        SN   13:05   0:00 [ksmd]
root        27  0.0  0.0      0     0 ?        S<   13:05   0:00 [crypto]
root        35  0.0  0.0      0     0 ?        S<   13:05   0:00 [kthrotld]
root        36  0.0  0.0      0     0 ?        S    13:05   0:00 [kworker/u2:1]
root        37  0.0  0.0      0     0 ?        S<   13:05   0:00 [kmpath_rdacd]
root        38  0.0  0.0      0     0 ?        S<   13:05   0:00 [kpsmoused]
root        39  0.0  0.0      0     0 ?        S<   13:05   0:00 [ipv6_addrconf]
root        59  0.0  0.0      0     0 ?        S<   13:05   0:00 [deferwq]
root        91  0.0  0.0      0     0 ?        S    13:05   0:00 [kauditd]
root        92  0.0  0.0      0     0 ?        S    13:05   0:00 [kworker/0:3]
root       234  0.0  0.0      0     0 ?        S<   13:05   0:00 [ata_sff]
root       239  0.0  0.0      0     0 ?        S    13:05   0:00 [scsi_eh_0]
root       241  0.0  0.0      0     0 ?        S<   13:05   0:00 [scsi_tmf_0]
root       243  0.0  0.0      0     0 ?        S    13:05   0:00 [scsi_eh_1]
root       244  0.0  0.0      0     0 ?        S<   13:05   0:00 [scsi_tmf_1]
root       256  0.0  0.0      0     0 ?        S<   13:05   0:00 [kworker/0:1H]
root       316  0.0  0.0      0     0 ?        S<   13:05   0:00 [kdmflush]
root       317  0.0  0.0      0     0 ?        S<   13:05   0:00 [bioset]
root       328  0.0  0.0      0     0 ?        S<   13:05   0:00 [kdmflush]
root       329  0.0  0.0      0     0 ?        S<   13:05   0:00 [bioset]
root       342  0.0  0.0      0     0 ?        S<   13:05   0:00 [bioset]
root       343  0.0  0.0      0     0 ?        S<   13:05   0:00 [xfsalloc]
root       344  0.0  0.0      0     0 ?        S<   13:05   0:00 [xfs_mru_cache]
root       345  0.0  0.0      0     0 ?        S<   13:05   0:00 [xfs-buf/dm-0]
root       346  0.0  0.0      0     0 ?        S<   13:05   0:00 [xfs-data/dm-0]
root       347  0.0  0.0      0     0 ?        S<   13:05   0:00 [xfs-conv/dm-0]
root       348  0.0  0.0      0     0 ?        S<   13:05   0:00 [xfs-cil/dm-0]
root       349  0.0  0.0      0     0 ?        S<   13:05   0:00 [xfs-reclaim/dm-]
root       350  0.0  0.0      0     0 ?        S<   13:05   0:00 [xfs-log/dm-0]
root       351  0.0  0.0      0     0 ?        S<   13:05   0:00 [xfs-eofblocks/d]
root       352  0.0  0.0      0     0 ?        S    13:05   0:00 [xfsaild/dm-0]
root       404  0.0  0.4  32876  2388 ?        Ss   13:05   0:00 /usr/lib/systemd/systemd-journald
root       416  0.0  0.9  46808  4780 ?        Ss   13:05   0:00 /usr/lib/systemd/systemd-udevd
root       429  0.0  0.0      0     0 ?        S<   13:05   0:00 [rpciod]
root       430  0.0  0.0      0     0 ?        S<   13:05   0:00 [xprtiod]
root       433  0.0  0.8 190764  4124 ?        Ss   13:05   0:00 /usr/sbin/lvmetad -f
root       503  0.0  0.0      0     0 ?        S<   13:05   0:00 [xfs-buf/sda2]
root       504  0.0  0.0      0     0 ?        S<   13:05   0:00 [xfs-data/sda2]
root       505  0.0  0.0      0     0 ?        S<   13:05   0:00 [xfs-conv/sda2]
root       506  0.0  0.0      0     0 ?        S<   13:05   0:00 [xfs-cil/sda2]
root       507  0.0  0.0      0     0 ?        S<   13:05   0:00 [xfs-reclaim/sda]
root       508  0.0  0.0      0     0 ?        S<   13:05   0:00 [xfs-log/sda2]
root       509  0.0  0.0      0     0 ?        S<   13:05   0:00 [xfs-eofblocks/s]
root       510  0.0  0.0      0     0 ?        S    13:05   0:00 [xfsaild/sda2]
root       527  0.0  0.1  55464   884 ?        S<sl 13:05   0:00 /sbin/auditd
root       553  0.0  0.2  94856  1240 ?        Ssl  13:05   0:00 /usr/sbin/gssproxy -D
root       562  0.0  1.8 521460  9356 ?        Ssl  13:05   0:00 /usr/sbin/NetworkManager --no-daemon
polkitd    563  0.0  1.5 534132  7924 ?        Ssl  13:05   0:00 /usr/lib/polkit-1/polkitd --no-debug
root       564  0.0  0.3  24204  1684 ?        Ss   13:05   0:00 /usr/lib/systemd/systemd-logind
chrony     566  0.0  0.3 115640  1704 ?        S    13:05   0:00 /usr/sbin/chronyd
root       567  0.0  0.7 208024  3972 ?        Ssl  13:05   0:00 /usr/sbin/rsyslogd -n
root       585  0.0  0.3  26052  1636 ?        Ss   13:05   0:00 /usr/sbin/crond -n
root       594  0.0  0.1   9860   824 tty1     Ss+  13:05   0:00 /sbin/agetty --noclear tty1 linux
root       804  0.0  0.8 106000  4068 ?        Ss   13:05   0:00 /usr/sbin/sshd -D -u0
root       805  0.0  3.3 462216 16588 ?        Ssl  13:05   0:00 /usr/bin/python -Es /usr/sbin/tuned -l -P
root       807  0.1 10.5 478804 52540 ?        Ssl  13:05   0:01 /usr/bin/dockerd
root       930  0.0  0.4  89540  2080 ?        Ss   13:05   0:00 /usr/libexec/postfix/master -w
postfix    933  0.0  0.7  89644  3984 ?        S    13:05   0:00 pickup -l -t unix -u
postfix    934  0.0  0.8  89712  4008 ?        S    13:05   0:00 qmgr -l -t unix -u
root      1100  0.0  0.1   4280   636 ?        Ss   13:05   0:00 /bin/sh -c python3 -u ./ipwinrm/IPwinrm.py
root      1135  0.0  4.2 130992 21444 ?        S    13:05   0:00 python3 -u ./ipwinrm/IPwinrm.py
root      2267  0.0  1.0 145704  5280 ?        Ss   13:05   0:00 sshd: vagrant [priv]
vagrant   2270  0.0  0.4 145704  2244 ?        S    13:05   0:00 sshd: vagrant@notty
root      2391  0.0  0.0      0     0 ?        R    13:11   0:00 [kworker/0:0]
root      2392  0.4  1.0 145704  5316 ?        Ss   13:13   0:00 sshd: vagrant [priv]
vagrant   2395  0.0  0.5 146020  2628 ?        S    13:13   0:00 sshd: vagrant@pts/0
vagrant   2396  0.0  0.6  16272  3152 pts/0    Ss   13:13   0:00 -bash
vagrant   2422  0.0  0.3  50880  1808 pts/0    R+   13:14   0:00 ps -aux
